[INFO  - 2017-11-12T05:14:23.945Z] GhostDriver - Main - running on port 25034
[INFO  - 2017-11-12T05:14:24.524Z] Session [5933c260-c768-11e7-a84f-65a41fe6e38f] - page.settings - {"XSSAuditingEnabled":false,"javascriptCanCloseWindows":true,"javascriptCanOpenWindows":true,"javascriptEnabled":true,"loadImages":true,"localToRemoteUrlAccessEnabled":false,"userAgent":"Mozilla/5.0 (Windows NT 6.1; WOW64) AppleWebKit/538.1 (KHTML, like Gecko) PhantomJS/2.1.1 Safari/538.1","webSecurityEnabled":true}
[INFO  - 2017-11-12T05:14:24.524Z] Session [5933c260-c768-11e7-a84f-65a41fe6e38f] - page.customHeaders:  - {}
[INFO  - 2017-11-12T05:14:24.524Z] Session [5933c260-c768-11e7-a84f-65a41fe6e38f] - Session.negotiatedCapabilities - {"browserName":"phantomjs","version":"2.1.1","driverName":"ghostdriver","driverVersion":"1.2.0","platform":"windows-7-32bit","javascriptEnabled":true,"takesScreenshot":true,"handlesAlerts":false,"databaseEnabled":false,"locationContextEnabled":false,"applicationCacheEnabled":false,"browserConnectionEnabled":false,"cssSelectorsEnabled":true,"webStorageEnabled":false,"rotatable":false,"acceptSslCerts":false,"nativeEvents":true,"proxy":{"proxyType":"direct"}}
[INFO  - 2017-11-12T05:14:24.524Z] SessionManagerReqHand - _postNewSessionCommand - New Session Created: 5933c260-c768-11e7-a84f-65a41fe6e38f
[INFO  - 2017-11-12T05:15:06.963Z] Session [5933c260-c768-11e7-a84f-65a41fe6e38f] - page.settings - {"XSSAuditingEnabled":false,"javascriptCanCloseWindows":true,"javascriptCanOpenWindows":true,"javascriptEnabled":true,"loadImages":true,"localToRemoteUrlAccessEnabled":false,"userAgent":"Mozilla/5.0 (Windows NT 6.1; WOW64) AppleWebKit/538.1 (KHTML, like Gecko) PhantomJS/2.1.1 Safari/538.1","webSecurityEnabled":true}
[INFO  - 2017-11-12T05:15:06.963Z] Session [5933c260-c768-11e7-a84f-65a41fe6e38f] - page.customHeaders:  - {}
[INFO  - 2017-11-12T05:15:25.194Z] Session [5933c260-c768-11e7-a84f-65a41fe6e38f] - page.settings - {"XSSAuditingEnabled":false,"javascriptCanCloseWindows":true,"javascriptCanOpenWindows":true,"javascriptEnabled":true,"loadImages":true,"localToRemoteUrlAccessEnabled":false,"userAgent":"Mozilla/5.0 (Windows NT 6.1; WOW64) AppleWebKit/538.1 (KHTML, like Gecko) PhantomJS/2.1.1 Safari/538.1","webSecurityEnabled":true}
[INFO  - 2017-11-12T05:15:25.194Z] Session [5933c260-c768-11e7-a84f-65a41fe6e38f] - page.customHeaders:  - {}
[INFO  - 2017-11-12T05:15:45.228Z] Session [5933c260-c768-11e7-a84f-65a41fe6e38f] - page.settings - {"XSSAuditingEnabled":false,"javascriptCanCloseWindows":true,"javascriptCanOpenWindows":true,"javascriptEnabled":true,"loadImages":true,"localToRemoteUrlAccessEnabled":false,"userAgent":"Mozilla/5.0 (Windows NT 6.1; WOW64) AppleWebKit/538.1 (KHTML, like Gecko) PhantomJS/2.1.1 Safari/538.1","webSecurityEnabled":true}
[INFO  - 2017-11-12T05:15:45.228Z] Session [5933c260-c768-11e7-a84f-65a41fe6e38f] - page.customHeaders:  - {}
[INFO  - 2017-11-12T05:16:00.108Z] Session [5933c260-c768-11e7-a84f-65a41fe6e38f] - page.settings - {"XSSAuditingEnabled":false,"javascriptCanCloseWindows":true,"javascriptCanOpenWindows":true,"javascriptEnabled":true,"loadImages":true,"localToRemoteUrlAccessEnabled":false,"userAgent":"Mozilla/5.0 (Windows NT 6.1; WOW64) AppleWebKit/538.1 (KHTML, like Gecko) PhantomJS/2.1.1 Safari/538.1","webSecurityEnabled":true}
[INFO  - 2017-11-12T05:16:00.109Z] Session [5933c260-c768-11e7-a84f-65a41fe6e38f] - page.customHeaders:  - {}
[INFO  - 2017-11-12T05:16:17.481Z] Session [5933c260-c768-11e7-a84f-65a41fe6e38f] - page.settings - {"XSSAuditingEnabled":false,"javascriptCanCloseWindows":true,"javascriptCanOpenWindows":true,"javascriptEnabled":true,"loadImages":true,"localToRemoteUrlAccessEnabled":false,"userAgent":"Mozilla/5.0 (Windows NT 6.1; WOW64) AppleWebKit/538.1 (KHTML, like Gecko) PhantomJS/2.1.1 Safari/538.1","webSecurityEnabled":true}
[INFO  - 2017-11-12T05:16:17.481Z] Session [5933c260-c768-11e7-a84f-65a41fe6e38f] - page.customHeaders:  - {}
[INFO  - 2017-11-12T05:16:35.652Z] Session [5933c260-c768-11e7-a84f-65a41fe6e38f] - page.settings - {"XSSAuditingEnabled":false,"javascriptCanCloseWindows":true,"javascriptCanOpenWindows":true,"javascriptEnabled":true,"loadImages":true,"localToRemoteUrlAccessEnabled":false,"userAgent":"Mozilla/5.0 (Windows NT 6.1; WOW64) AppleWebKit/538.1 (KHTML, like Gecko) PhantomJS/2.1.1 Safari/538.1","webSecurityEnabled":true}
[INFO  - 2017-11-12T05:16:35.652Z] Session [5933c260-c768-11e7-a84f-65a41fe6e38f] - page.customHeaders:  - {}
[INFO  - 2017-11-12T05:16:52.777Z] Session [5933c260-c768-11e7-a84f-65a41fe6e38f] - page.settings - {"XSSAuditingEnabled":false,"javascriptCanCloseWindows":true,"javascriptCanOpenWindows":true,"javascriptEnabled":true,"loadImages":true,"localToRemoteUrlAccessEnabled":false,"userAgent":"Mozilla/5.0 (Windows NT 6.1; WOW64) AppleWebKit/538.1 (KHTML, like Gecko) PhantomJS/2.1.1 Safari/538.1","webSecurityEnabled":true}
[INFO  - 2017-11-12T05:16:52.777Z] Session [5933c260-c768-11e7-a84f-65a41fe6e38f] - page.customHeaders:  - {}
[INFO  - 2017-11-12T05:17:11.889Z] Session [5933c260-c768-11e7-a84f-65a41fe6e38f] - page.settings - {"XSSAuditingEnabled":false,"javascriptCanCloseWindows":true,"javascriptCanOpenWindows":true,"javascriptEnabled":true,"loadImages":true,"localToRemoteUrlAccessEnabled":false,"userAgent":"Mozilla/5.0 (Windows NT 6.1; WOW64) AppleWebKit/538.1 (KHTML, like Gecko) PhantomJS/2.1.1 Safari/538.1","webSecurityEnabled":true}
[INFO  - 2017-11-12T05:17:11.890Z] Session [5933c260-c768-11e7-a84f-65a41fe6e38f] - page.customHeaders:  - {}
[INFO  - 2017-11-12T05:17:32.692Z] Session [5933c260-c768-11e7-a84f-65a41fe6e38f] - page.settings - {"XSSAuditingEnabled":false,"javascriptCanCloseWindows":true,"javascriptCanOpenWindows":true,"javascriptEnabled":true,"loadImages":true,"localToRemoteUrlAccessEnabled":false,"userAgent":"Mozilla/5.0 (Windows NT 6.1; WOW64) AppleWebKit/538.1 (KHTML, like Gecko) PhantomJS/2.1.1 Safari/538.1","webSecurityEnabled":true}
[INFO  - 2017-11-12T05:17:32.692Z] Session [5933c260-c768-11e7-a84f-65a41fe6e38f] - page.customHeaders:  - {}
[INFO  - 2017-11-12T05:17:59.055Z] Session [5933c260-c768-11e7-a84f-65a41fe6e38f] - page.settings - {"XSSAuditingEnabled":false,"javascriptCanCloseWindows":true,"javascriptCanOpenWindows":true,"javascriptEnabled":true,"loadImages":true,"localToRemoteUrlAccessEnabled":false,"userAgent":"Mozilla/5.0 (Windows NT 6.1; WOW64) AppleWebKit/538.1 (KHTML, like Gecko) PhantomJS/2.1.1 Safari/538.1","webSecurityEnabled":true}
[INFO  - 2017-11-12T05:17:59.055Z] Session [5933c260-c768-11e7-a84f-65a41fe6e38f] - page.customHeaders:  - {}
[INFO  - 2017-11-12T05:18:22.759Z] Session [5933c260-c768-11e7-a84f-65a41fe6e38f] - page.settings - {"XSSAuditingEnabled":false,"javascriptCanCloseWindows":true,"javascriptCanOpenWindows":true,"javascriptEnabled":true,"loadImages":true,"localToRemoteUrlAccessEnabled":false,"userAgent":"Mozilla/5.0 (Windows NT 6.1; WOW64) AppleWebKit/538.1 (KHTML, like Gecko) PhantomJS/2.1.1 Safari/538.1","webSecurityEnabled":true}
[INFO  - 2017-11-12T05:18:22.759Z] Session [5933c260-c768-11e7-a84f-65a41fe6e38f] - page.customHeaders:  - {}
[INFO  - 2017-11-12T05:18:41.521Z] Session [5933c260-c768-11e7-a84f-65a41fe6e38f] - page.settings - {"XSSAuditingEnabled":false,"javascriptCanCloseWindows":true,"javascriptCanOpenWindows":true,"javascriptEnabled":true,"loadImages":true,"localToRemoteUrlAccessEnabled":false,"userAgent":"Mozilla/5.0 (Windows NT 6.1; WOW64) AppleWebKit/538.1 (KHTML, like Gecko) PhantomJS/2.1.1 Safari/538.1","webSecurityEnabled":true}
[INFO  - 2017-11-12T05:18:41.521Z] Session [5933c260-c768-11e7-a84f-65a41fe6e38f] - page.customHeaders:  - {}
[INFO  - 2017-11-12T05:19:03.903Z] Session [5933c260-c768-11e7-a84f-65a41fe6e38f] - page.settings - {"XSSAuditingEnabled":false,"javascriptCanCloseWindows":true,"javascriptCanOpenWindows":true,"javascriptEnabled":true,"loadImages":true,"localToRemoteUrlAccessEnabled":false,"userAgent":"Mozilla/5.0 (Windows NT 6.1; WOW64) AppleWebKit/538.1 (KHTML, like Gecko) PhantomJS/2.1.1 Safari/538.1","webSecurityEnabled":true}
[INFO  - 2017-11-12T05:19:03.903Z] Session [5933c260-c768-11e7-a84f-65a41fe6e38f] - page.customHeaders:  - {}
[INFO  - 2017-11-12T05:19:23.943Z] SessionManagerReqHand - _cleanupWindowlessSessions - Asynchronous Sessions clean-up phase starting NOW
[INFO  - 2017-11-12T05:19:24.634Z] Session [5933c260-c768-11e7-a84f-65a41fe6e38f] - page.settings - {"XSSAuditingEnabled":false,"javascriptCanCloseWindows":true,"javascriptCanOpenWindows":true,"javascriptEnabled":true,"loadImages":true,"localToRemoteUrlAccessEnabled":false,"userAgent":"Mozilla/5.0 (Windows NT 6.1; WOW64) AppleWebKit/538.1 (KHTML, like Gecko) PhantomJS/2.1.1 Safari/538.1","webSecurityEnabled":true}
[INFO  - 2017-11-12T05:19:24.634Z] Session [5933c260-c768-11e7-a84f-65a41fe6e38f] - page.customHeaders:  - {}
[INFO  - 2017-11-12T05:19:48.835Z] Session [5933c260-c768-11e7-a84f-65a41fe6e38f] - page.settings - {"XSSAuditingEnabled":false,"javascriptCanCloseWindows":true,"javascriptCanOpenWindows":true,"javascriptEnabled":true,"loadImages":true,"localToRemoteUrlAccessEnabled":false,"userAgent":"Mozilla/5.0 (Windows NT 6.1; WOW64) AppleWebKit/538.1 (KHTML, like Gecko) PhantomJS/2.1.1 Safari/538.1","webSecurityEnabled":true}
[INFO  - 2017-11-12T05:19:48.835Z] Session [5933c260-c768-11e7-a84f-65a41fe6e38f] - page.customHeaders:  - {}
[INFO  - 2017-11-12T05:20:08.895Z] Session [5933c260-c768-11e7-a84f-65a41fe6e38f] - page.settings - {"XSSAuditingEnabled":false,"javascriptCanCloseWindows":true,"javascriptCanOpenWindows":true,"javascriptEnabled":true,"loadImages":true,"localToRemoteUrlAccessEnabled":false,"userAgent":"Mozilla/5.0 (Windows NT 6.1; WOW64) AppleWebKit/538.1 (KHTML, like Gecko) PhantomJS/2.1.1 Safari/538.1","webSecurityEnabled":true}
[INFO  - 2017-11-12T05:20:08.895Z] Session [5933c260-c768-11e7-a84f-65a41fe6e38f] - page.customHeaders:  - {}
[INFO  - 2017-11-12T05:20:31.479Z] Session [5933c260-c768-11e7-a84f-65a41fe6e38f] - page.settings - {"XSSAuditingEnabled":false,"javascriptCanCloseWindows":true,"javascriptCanOpenWindows":true,"javascriptEnabled":true,"loadImages":true,"localToRemoteUrlAccessEnabled":false,"userAgent":"Mozilla/5.0 (Windows NT 6.1; WOW64) AppleWebKit/538.1 (KHTML, like Gecko) PhantomJS/2.1.1 Safari/538.1","webSecurityEnabled":true}
[INFO  - 2017-11-12T05:20:31.479Z] Session [5933c260-c768-11e7-a84f-65a41fe6e38f] - page.customHeaders:  - {}
[INFO  - 2017-11-12T05:20:49.193Z] Session [5933c260-c768-11e7-a84f-65a41fe6e38f] - page.settings - {"XSSAuditingEnabled":false,"javascriptCanCloseWindows":true,"javascriptCanOpenWindows":true,"javascriptEnabled":true,"loadImages":true,"localToRemoteUrlAccessEnabled":false,"userAgent":"Mozilla/5.0 (Windows NT 6.1; WOW64) AppleWebKit/538.1 (KHTML, like Gecko) PhantomJS/2.1.1 Safari/538.1","webSecurityEnabled":true}
[INFO  - 2017-11-12T05:20:49.193Z] Session [5933c260-c768-11e7-a84f-65a41fe6e38f] - page.customHeaders:  - {}
[INFO  - 2017-11-12T05:21:11.370Z] Session [5933c260-c768-11e7-a84f-65a41fe6e38f] - page.settings - {"XSSAuditingEnabled":false,"javascriptCanCloseWindows":true,"javascriptCanOpenWindows":true,"javascriptEnabled":true,"loadImages":true,"localToRemoteUrlAccessEnabled":false,"userAgent":"Mozilla/5.0 (Windows NT 6.1; WOW64) AppleWebKit/538.1 (KHTML, like Gecko) PhantomJS/2.1.1 Safari/538.1","webSecurityEnabled":true}
[INFO  - 2017-11-12T05:21:11.370Z] Session [5933c260-c768-11e7-a84f-65a41fe6e38f] - page.customHeaders:  - {}
[INFO  - 2017-11-12T05:21:29.970Z] Session [5933c260-c768-11e7-a84f-65a41fe6e38f] - page.settings - {"XSSAuditingEnabled":false,"javascriptCanCloseWindows":true,"javascriptCanOpenWindows":true,"javascriptEnabled":true,"loadImages":true,"localToRemoteUrlAccessEnabled":false,"userAgent":"Mozilla/5.0 (Windows NT 6.1; WOW64) AppleWebKit/538.1 (KHTML, like Gecko) PhantomJS/2.1.1 Safari/538.1","webSecurityEnabled":true}
[INFO  - 2017-11-12T05:21:29.970Z] Session [5933c260-c768-11e7-a84f-65a41fe6e38f] - page.customHeaders:  - {}
[INFO  - 2017-11-12T05:21:48.907Z] Session [5933c260-c768-11e7-a84f-65a41fe6e38f] - page.settings - {"XSSAuditingEnabled":false,"javascriptCanCloseWindows":true,"javascriptCanOpenWindows":true,"javascriptEnabled":true,"loadImages":true,"localToRemoteUrlAccessEnabled":false,"userAgent":"Mozilla/5.0 (Windows NT 6.1; WOW64) AppleWebKit/538.1 (KHTML, like Gecko) PhantomJS/2.1.1 Safari/538.1","webSecurityEnabled":true}
[INFO  - 2017-11-12T05:21:48.907Z] Session [5933c260-c768-11e7-a84f-65a41fe6e38f] - page.customHeaders:  - {}
[INFO  - 2017-11-12T05:22:11.054Z] Session [5933c260-c768-11e7-a84f-65a41fe6e38f] - page.settings - {"XSSAuditingEnabled":false,"javascriptCanCloseWindows":true,"javascriptCanOpenWindows":true,"javascriptEnabled":true,"loadImages":true,"localToRemoteUrlAccessEnabled":false,"userAgent":"Mozilla/5.0 (Windows NT 6.1; WOW64) AppleWebKit/538.1 (KHTML, like Gecko) PhantomJS/2.1.1 Safari/538.1","webSecurityEnabled":true}
[INFO  - 2017-11-12T05:22:11.054Z] Session [5933c260-c768-11e7-a84f-65a41fe6e38f] - page.customHeaders:  - {}
[INFO  - 2017-11-12T05:22:31.042Z] Session [5933c260-c768-11e7-a84f-65a41fe6e38f] - page.settings - {"XSSAuditingEnabled":false,"javascriptCanCloseWindows":true,"javascriptCanOpenWindows":true,"javascriptEnabled":true,"loadImages":true,"localToRemoteUrlAccessEnabled":false,"userAgent":"Mozilla/5.0 (Windows NT 6.1; WOW64) AppleWebKit/538.1 (KHTML, like Gecko) PhantomJS/2.1.1 Safari/538.1","webSecurityEnabled":true}
[INFO  - 2017-11-12T05:22:31.042Z] Session [5933c260-c768-11e7-a84f-65a41fe6e38f] - page.customHeaders:  - {}
[INFO  - 2017-11-12T05:22:51.739Z] Session [5933c260-c768-11e7-a84f-65a41fe6e38f] - page.settings - {"XSSAuditingEnabled":false,"javascriptCanCloseWindows":true,"javascriptCanOpenWindows":true,"javascriptEnabled":true,"loadImages":true,"localToRemoteUrlAccessEnabled":false,"userAgent":"Mozilla/5.0 (Windows NT 6.1; WOW64) AppleWebKit/538.1 (KHTML, like Gecko) PhantomJS/2.1.1 Safari/538.1","webSecurityEnabled":true}
[INFO  - 2017-11-12T05:22:51.739Z] Session [5933c260-c768-11e7-a84f-65a41fe6e38f] - page.customHeaders:  - {}
[INFO  - 2017-11-12T05:23:12.027Z] Session [5933c260-c768-11e7-a84f-65a41fe6e38f] - page.settings - {"XSSAuditingEnabled":false,"javascriptCanCloseWindows":true,"javascriptCanOpenWindows":true,"javascriptEnabled":true,"loadImages":true,"localToRemoteUrlAccessEnabled":false,"userAgent":"Mozilla/5.0 (Windows NT 6.1; WOW64) AppleWebKit/538.1 (KHTML, like Gecko) PhantomJS/2.1.1 Safari/538.1","webSecurityEnabled":true}
[INFO  - 2017-11-12T05:23:12.027Z] Session [5933c260-c768-11e7-a84f-65a41fe6e38f] - page.customHeaders:  - {}
[INFO  - 2017-11-12T05:23:36.703Z] Session [5933c260-c768-11e7-a84f-65a41fe6e38f] - page.settings - {"XSSAuditingEnabled":false,"javascriptCanCloseWindows":true,"javascriptCanOpenWindows":true,"javascriptEnabled":true,"loadImages":true,"localToRemoteUrlAccessEnabled":false,"userAgent":"Mozilla/5.0 (Windows NT 6.1; WOW64) AppleWebKit/538.1 (KHTML, like Gecko) PhantomJS/2.1.1 Safari/538.1","webSecurityEnabled":true}
[INFO  - 2017-11-12T05:23:36.703Z] Session [5933c260-c768-11e7-a84f-65a41fe6e38f] - page.customHeaders:  - {}
[INFO  - 2017-11-12T05:23:57.112Z] Session [5933c260-c768-11e7-a84f-65a41fe6e38f] - page.settings - {"XSSAuditingEnabled":false,"javascriptCanCloseWindows":true,"javascriptCanOpenWindows":true,"javascriptEnabled":true,"loadImages":true,"localToRemoteUrlAccessEnabled":false,"userAgent":"Mozilla/5.0 (Windows NT 6.1; WOW64) AppleWebKit/538.1 (KHTML, like Gecko) PhantomJS/2.1.1 Safari/538.1","webSecurityEnabled":true}
[INFO  - 2017-11-12T05:23:57.112Z] Session [5933c260-c768-11e7-a84f-65a41fe6e38f] - page.customHeaders:  - {}
[INFO  - 2017-11-12T05:24:21.283Z] Session [5933c260-c768-11e7-a84f-65a41fe6e38f] - page.settings - {"XSSAuditingEnabled":false,"javascriptCanCloseWindows":true,"javascriptCanOpenWindows":true,"javascriptEnabled":true,"loadImages":true,"localToRemoteUrlAccessEnabled":false,"userAgent":"Mozilla/5.0 (Windows NT 6.1; WOW64) AppleWebKit/538.1 (KHTML, like Gecko) PhantomJS/2.1.1 Safari/538.1","webSecurityEnabled":true}
[INFO  - 2017-11-12T05:24:21.284Z] Session [5933c260-c768-11e7-a84f-65a41fe6e38f] - page.customHeaders:  - {}
[INFO  - 2017-11-12T05:24:23.945Z] SessionManagerReqHand - _cleanupWindowlessSessions - Asynchronous Sessions clean-up phase starting NOW
[INFO  - 2017-11-12T05:24:46.716Z] Session [5933c260-c768-11e7-a84f-65a41fe6e38f] - page.settings - {"XSSAuditingEnabled":false,"javascriptCanCloseWindows":true,"javascriptCanOpenWindows":true,"javascriptEnabled":true,"loadImages":true,"localToRemoteUrlAccessEnabled":false,"userAgent":"Mozilla/5.0 (Windows NT 6.1; WOW64) AppleWebKit/538.1 (KHTML, like Gecko) PhantomJS/2.1.1 Safari/538.1","webSecurityEnabled":true}
[INFO  - 2017-11-12T05:24:46.716Z] Session [5933c260-c768-11e7-a84f-65a41fe6e38f] - page.customHeaders:  - {}
[INFO  - 2017-11-12T05:25:05.987Z] Session [5933c260-c768-11e7-a84f-65a41fe6e38f] - page.settings - {"XSSAuditingEnabled":false,"javascriptCanCloseWindows":true,"javascriptCanOpenWindows":true,"javascriptEnabled":true,"loadImages":true,"localToRemoteUrlAccessEnabled":false,"userAgent":"Mozilla/5.0 (Windows NT 6.1; WOW64) AppleWebKit/538.1 (KHTML, like Gecko) PhantomJS/2.1.1 Safari/538.1","webSecurityEnabled":true}
[INFO  - 2017-11-12T05:25:05.987Z] Session [5933c260-c768-11e7-a84f-65a41fe6e38f] - page.customHeaders:  - {}
[INFO  - 2017-11-12T05:25:22.823Z] Session [5933c260-c768-11e7-a84f-65a41fe6e38f] - page.settings - {"XSSAuditingEnabled":false,"javascriptCanCloseWindows":true,"javascriptCanOpenWindows":true,"javascriptEnabled":true,"loadImages":true,"localToRemoteUrlAccessEnabled":false,"userAgent":"Mozilla/5.0 (Windows NT 6.1; WOW64) AppleWebKit/538.1 (KHTML, like Gecko) PhantomJS/2.1.1 Safari/538.1","webSecurityEnabled":true}
[INFO  - 2017-11-12T05:25:22.823Z] Session [5933c260-c768-11e7-a84f-65a41fe6e38f] - page.customHeaders:  - {}
[INFO  - 2017-11-12T05:25:45.648Z] Session [5933c260-c768-11e7-a84f-65a41fe6e38f] - page.settings - {"XSSAuditingEnabled":false,"javascriptCanCloseWindows":true,"javascriptCanOpenWindows":true,"javascriptEnabled":true,"loadImages":true,"localToRemoteUrlAccessEnabled":false,"userAgent":"Mozilla/5.0 (Windows NT 6.1; WOW64) AppleWebKit/538.1 (KHTML, like Gecko) PhantomJS/2.1.1 Safari/538.1","webSecurityEnabled":true}
[INFO  - 2017-11-12T05:25:45.648Z] Session [5933c260-c768-11e7-a84f-65a41fe6e38f] - page.customHeaders:  - {}
[INFO  - 2017-11-12T05:26:07.884Z] Session [5933c260-c768-11e7-a84f-65a41fe6e38f] - page.settings - {"XSSAuditingEnabled":false,"javascriptCanCloseWindows":true,"javascriptCanOpenWindows":true,"javascriptEnabled":true,"loadImages":true,"localToRemoteUrlAccessEnabled":false,"userAgent":"Mozilla/5.0 (Windows NT 6.1; WOW64) AppleWebKit/538.1 (KHTML, like Gecko) PhantomJS/2.1.1 Safari/538.1","webSecurityEnabled":true}
[INFO  - 2017-11-12T05:26:07.884Z] Session [5933c260-c768-11e7-a84f-65a41fe6e38f] - page.customHeaders:  - {}
[INFO  - 2017-11-12T05:26:31.998Z] Session [5933c260-c768-11e7-a84f-65a41fe6e38f] - page.settings - {"XSSAuditingEnabled":false,"javascriptCanCloseWindows":true,"javascriptCanOpenWindows":true,"javascriptEnabled":true,"loadImages":true,"localToRemoteUrlAccessEnabled":false,"userAgent":"Mozilla/5.0 (Windows NT 6.1; WOW64) AppleWebKit/538.1 (KHTML, like Gecko) PhantomJS/2.1.1 Safari/538.1","webSecurityEnabled":true}
[INFO  - 2017-11-12T05:26:31.998Z] Session [5933c260-c768-11e7-a84f-65a41fe6e38f] - page.customHeaders:  - {}
[INFO  - 2017-11-12T05:26:50.606Z] Session [5933c260-c768-11e7-a84f-65a41fe6e38f] - page.settings - {"XSSAuditingEnabled":false,"javascriptCanCloseWindows":true,"javascriptCanOpenWindows":true,"javascriptEnabled":true,"loadImages":true,"localToRemoteUrlAccessEnabled":false,"userAgent":"Mozilla/5.0 (Windows NT 6.1; WOW64) AppleWebKit/538.1 (KHTML, like Gecko) PhantomJS/2.1.1 Safari/538.1","webSecurityEnabled":true}
[INFO  - 2017-11-12T05:26:50.606Z] Session [5933c260-c768-11e7-a84f-65a41fe6e38f] - page.customHeaders:  - {}
[INFO  - 2017-11-12T05:27:10.342Z] Session [5933c260-c768-11e7-a84f-65a41fe6e38f] - page.settings - {"XSSAuditingEnabled":false,"javascriptCanCloseWindows":true,"javascriptCanOpenWindows":true,"javascriptEnabled":true,"loadImages":true,"localToRemoteUrlAccessEnabled":false,"userAgent":"Mozilla/5.0 (Windows NT 6.1; WOW64) AppleWebKit/538.1 (KHTML, like Gecko) PhantomJS/2.1.1 Safari/538.1","webSecurityEnabled":true}
[INFO  - 2017-11-12T05:27:10.342Z] Session [5933c260-c768-11e7-a84f-65a41fe6e38f] - page.customHeaders:  - {}
[INFO  - 2017-11-12T05:27:29.804Z] Session [5933c260-c768-11e7-a84f-65a41fe6e38f] - page.settings - {"XSSAuditingEnabled":false,"javascriptCanCloseWindows":true,"javascriptCanOpenWindows":true,"javascriptEnabled":true,"loadImages":true,"localToRemoteUrlAccessEnabled":false,"userAgent":"Mozilla/5.0 (Windows NT 6.1; WOW64) AppleWebKit/538.1 (KHTML, like Gecko) PhantomJS/2.1.1 Safari/538.1","webSecurityEnabled":true}
[INFO  - 2017-11-12T05:27:29.804Z] Session [5933c260-c768-11e7-a84f-65a41fe6e38f] - page.customHeaders:  - {}
[INFO  - 2017-11-12T05:27:47.573Z] Session [5933c260-c768-11e7-a84f-65a41fe6e38f] - page.settings - {"XSSAuditingEnabled":false,"javascriptCanCloseWindows":true,"javascriptCanOpenWindows":true,"javascriptEnabled":true,"loadImages":true,"localToRemoteUrlAccessEnabled":false,"userAgent":"Mozilla/5.0 (Windows NT 6.1; WOW64) AppleWebKit/538.1 (KHTML, like Gecko) PhantomJS/2.1.1 Safari/538.1","webSecurityEnabled":true}
[INFO  - 2017-11-12T05:27:47.573Z] Session [5933c260-c768-11e7-a84f-65a41fe6e38f] - page.customHeaders:  - {}
[INFO  - 2017-11-12T05:28:07.962Z] Session [5933c260-c768-11e7-a84f-65a41fe6e38f] - page.settings - {"XSSAuditingEnabled":false,"javascriptCanCloseWindows":true,"javascriptCanOpenWindows":true,"javascriptEnabled":true,"loadImages":true,"localToRemoteUrlAccessEnabled":false,"userAgent":"Mozilla/5.0 (Windows NT 6.1; WOW64) AppleWebKit/538.1 (KHTML, like Gecko) PhantomJS/2.1.1 Safari/538.1","webSecurityEnabled":true}
[INFO  - 2017-11-12T05:28:07.962Z] Session [5933c260-c768-11e7-a84f-65a41fe6e38f] - page.customHeaders:  - {}
[INFO  - 2017-11-12T05:28:25.206Z] Session [5933c260-c768-11e7-a84f-65a41fe6e38f] - page.settings - {"XSSAuditingEnabled":false,"javascriptCanCloseWindows":true,"javascriptCanOpenWindows":true,"javascriptEnabled":true,"loadImages":true,"localToRemoteUrlAccessEnabled":false,"userAgent":"Mozilla/5.0 (Windows NT 6.1; WOW64) AppleWebKit/538.1 (KHTML, like Gecko) PhantomJS/2.1.1 Safari/538.1","webSecurityEnabled":true}
[INFO  - 2017-11-12T05:28:25.206Z] Session [5933c260-c768-11e7-a84f-65a41fe6e38f] - page.customHeaders:  - {}
[INFO  - 2017-11-12T05:28:43.236Z] Session [5933c260-c768-11e7-a84f-65a41fe6e38f] - page.settings - {"XSSAuditingEnabled":false,"javascriptCanCloseWindows":true,"javascriptCanOpenWindows":true,"javascriptEnabled":true,"loadImages":true,"localToRemoteUrlAccessEnabled":false,"userAgent":"Mozilla/5.0 (Windows NT 6.1; WOW64) AppleWebKit/538.1 (KHTML, like Gecko) PhantomJS/2.1.1 Safari/538.1","webSecurityEnabled":true}
[INFO  - 2017-11-12T05:28:43.236Z] Session [5933c260-c768-11e7-a84f-65a41fe6e38f] - page.customHeaders:  - {}
[INFO  - 2017-11-12T05:29:03.842Z] Session [5933c260-c768-11e7-a84f-65a41fe6e38f] - page.settings - {"XSSAuditingEnabled":false,"javascriptCanCloseWindows":true,"javascriptCanOpenWindows":true,"javascriptEnabled":true,"loadImages":true,"localToRemoteUrlAccessEnabled":false,"userAgent":"Mozilla/5.0 (Windows NT 6.1; WOW64) AppleWebKit/538.1 (KHTML, like Gecko) PhantomJS/2.1.1 Safari/538.1","webSecurityEnabled":true}
[INFO  - 2017-11-12T05:29:03.842Z] Session [5933c260-c768-11e7-a84f-65a41fe6e38f] - page.customHeaders:  - {}
[INFO  - 2017-11-12T05:29:23.951Z] SessionManagerReqHand - _cleanupWindowlessSessions - Asynchronous Sessions clean-up phase starting NOW
[INFO  - 2017-11-12T05:29:27.255Z] Session [5933c260-c768-11e7-a84f-65a41fe6e38f] - page.settings - {"XSSAuditingEnabled":false,"javascriptCanCloseWindows":true,"javascriptCanOpenWindows":true,"javascriptEnabled":true,"loadImages":true,"localToRemoteUrlAccessEnabled":false,"userAgent":"Mozilla/5.0 (Windows NT 6.1; WOW64) AppleWebKit/538.1 (KHTML, like Gecko) PhantomJS/2.1.1 Safari/538.1","webSecurityEnabled":true}
[INFO  - 2017-11-12T05:29:27.256Z] Session [5933c260-c768-11e7-a84f-65a41fe6e38f] - page.customHeaders:  - {}
[INFO  - 2017-11-12T05:29:49.476Z] Session [5933c260-c768-11e7-a84f-65a41fe6e38f] - page.settings - {"XSSAuditingEnabled":false,"javascriptCanCloseWindows":true,"javascriptCanOpenWindows":true,"javascriptEnabled":true,"loadImages":true,"localToRemoteUrlAccessEnabled":false,"userAgent":"Mozilla/5.0 (Windows NT 6.1; WOW64) AppleWebKit/538.1 (KHTML, like Gecko) PhantomJS/2.1.1 Safari/538.1","webSecurityEnabled":true}
[INFO  - 2017-11-12T05:29:49.476Z] Session [5933c260-c768-11e7-a84f-65a41fe6e38f] - page.customHeaders:  - {}
[INFO  - 2017-11-12T05:30:07.209Z] Session [5933c260-c768-11e7-a84f-65a41fe6e38f] - page.settings - {"XSSAuditingEnabled":false,"javascriptCanCloseWindows":true,"javascriptCanOpenWindows":true,"javascriptEnabled":true,"loadImages":true,"localToRemoteUrlAccessEnabled":false,"userAgent":"Mozilla/5.0 (Windows NT 6.1; WOW64) AppleWebKit/538.1 (KHTML, like Gecko) PhantomJS/2.1.1 Safari/538.1","webSecurityEnabled":true}
[INFO  - 2017-11-12T05:30:07.209Z] Session [5933c260-c768-11e7-a84f-65a41fe6e38f] - page.customHeaders:  - {}
[INFO  - 2017-11-12T05:30:27.269Z] Session [5933c260-c768-11e7-a84f-65a41fe6e38f] - page.settings - {"XSSAuditingEnabled":false,"javascriptCanCloseWindows":true,"javascriptCanOpenWindows":true,"javascriptEnabled":true,"loadImages":true,"localToRemoteUrlAccessEnabled":false,"userAgent":"Mozilla/5.0 (Windows NT 6.1; WOW64) AppleWebKit/538.1 (KHTML, like Gecko) PhantomJS/2.1.1 Safari/538.1","webSecurityEnabled":true}
[INFO  - 2017-11-12T05:30:27.270Z] Session [5933c260-c768-11e7-a84f-65a41fe6e38f] - page.customHeaders:  - {}
[INFO  - 2017-11-12T05:30:46.269Z] Session [5933c260-c768-11e7-a84f-65a41fe6e38f] - page.settings - {"XSSAuditingEnabled":false,"javascriptCanCloseWindows":true,"javascriptCanOpenWindows":true,"javascriptEnabled":true,"loadImages":true,"localToRemoteUrlAccessEnabled":false,"userAgent":"Mozilla/5.0 (Windows NT 6.1; WOW64) AppleWebKit/538.1 (KHTML, like Gecko) PhantomJS/2.1.1 Safari/538.1","webSecurityEnabled":true}
[INFO  - 2017-11-12T05:30:46.269Z] Session [5933c260-c768-11e7-a84f-65a41fe6e38f] - page.customHeaders:  - {}
[INFO  - 2017-11-12T05:31:09.108Z] Session [5933c260-c768-11e7-a84f-65a41fe6e38f] - page.settings - {"XSSAuditingEnabled":false,"javascriptCanCloseWindows":true,"javascriptCanOpenWindows":true,"javascriptEnabled":true,"loadImages":true,"localToRemoteUrlAccessEnabled":false,"userAgent":"Mozilla/5.0 (Windows NT 6.1; WOW64) AppleWebKit/538.1 (KHTML, like Gecko) PhantomJS/2.1.1 Safari/538.1","webSecurityEnabled":true}
[INFO  - 2017-11-12T05:31:09.108Z] Session [5933c260-c768-11e7-a84f-65a41fe6e38f] - page.customHeaders:  - {}
[INFO  - 2017-11-12T05:31:28.071Z] Session [5933c260-c768-11e7-a84f-65a41fe6e38f] - page.settings - {"XSSAuditingEnabled":false,"javascriptCanCloseWindows":true,"javascriptCanOpenWindows":true,"javascriptEnabled":true,"loadImages":true,"localToRemoteUrlAccessEnabled":false,"userAgent":"Mozilla/5.0 (Windows NT 6.1; WOW64) AppleWebKit/538.1 (KHTML, like Gecko) PhantomJS/2.1.1 Safari/538.1","webSecurityEnabled":true}
[INFO  - 2017-11-12T05:31:28.071Z] Session [5933c260-c768-11e7-a84f-65a41fe6e38f] - page.customHeaders:  - {}
[INFO  - 2017-11-12T05:31:49.368Z] Session [5933c260-c768-11e7-a84f-65a41fe6e38f] - page.settings - {"XSSAuditingEnabled":false,"javascriptCanCloseWindows":true,"javascriptCanOpenWindows":true,"javascriptEnabled":true,"loadImages":true,"localToRemoteUrlAccessEnabled":false,"userAgent":"Mozilla/5.0 (Windows NT 6.1; WOW64) AppleWebKit/538.1 (KHTML, like Gecko) PhantomJS/2.1.1 Safari/538.1","webSecurityEnabled":true}
[INFO  - 2017-11-12T05:31:49.368Z] Session [5933c260-c768-11e7-a84f-65a41fe6e38f] - page.customHeaders:  - {}
[INFO  - 2017-11-12T05:32:07.703Z] Session [5933c260-c768-11e7-a84f-65a41fe6e38f] - page.settings - {"XSSAuditingEnabled":false,"javascriptCanCloseWindows":true,"javascriptCanOpenWindows":true,"javascriptEnabled":true,"loadImages":true,"localToRemoteUrlAccessEnabled":false,"userAgent":"Mozilla/5.0 (Windows NT 6.1; WOW64) AppleWebKit/538.1 (KHTML, like Gecko) PhantomJS/2.1.1 Safari/538.1","webSecurityEnabled":true}
[INFO  - 2017-11-12T05:32:07.703Z] Session [5933c260-c768-11e7-a84f-65a41fe6e38f] - page.customHeaders:  - {}
[INFO  - 2017-11-12T05:32:24.489Z] Session [5933c260-c768-11e7-a84f-65a41fe6e38f] - page.settings - {"XSSAuditingEnabled":false,"javascriptCanCloseWindows":true,"javascriptCanOpenWindows":true,"javascriptEnabled":true,"loadImages":true,"localToRemoteUrlAccessEnabled":false,"userAgent":"Mozilla/5.0 (Windows NT 6.1; WOW64) AppleWebKit/538.1 (KHTML, like Gecko) PhantomJS/2.1.1 Safari/538.1","webSecurityEnabled":true}
[INFO  - 2017-11-12T05:32:24.489Z] Session [5933c260-c768-11e7-a84f-65a41fe6e38f] - page.customHeaders:  - {}
[INFO  - 2017-11-12T05:32:43.401Z] Session [5933c260-c768-11e7-a84f-65a41fe6e38f] - page.settings - {"XSSAuditingEnabled":false,"javascriptCanCloseWindows":true,"javascriptCanOpenWindows":true,"javascriptEnabled":true,"loadImages":true,"localToRemoteUrlAccessEnabled":false,"userAgent":"Mozilla/5.0 (Windows NT 6.1; WOW64) AppleWebKit/538.1 (KHTML, like Gecko) PhantomJS/2.1.1 Safari/538.1","webSecurityEnabled":true}
[INFO  - 2017-11-12T05:32:43.402Z] Session [5933c260-c768-11e7-a84f-65a41fe6e38f] - page.customHeaders:  - {}
[INFO  - 2017-11-12T05:33:05.973Z] Session [5933c260-c768-11e7-a84f-65a41fe6e38f] - page.settings - {"XSSAuditingEnabled":false,"javascriptCanCloseWindows":true,"javascriptCanOpenWindows":true,"javascriptEnabled":true,"loadImages":true,"localToRemoteUrlAccessEnabled":false,"userAgent":"Mozilla/5.0 (Windows NT 6.1; WOW64) AppleWebKit/538.1 (KHTML, like Gecko) PhantomJS/2.1.1 Safari/538.1","webSecurityEnabled":true}
[INFO  - 2017-11-12T05:33:05.974Z] Session [5933c260-c768-11e7-a84f-65a41fe6e38f] - page.customHeaders:  - {}
[INFO  - 2017-11-12T05:33:23.422Z] Session [5933c260-c768-11e7-a84f-65a41fe6e38f] - page.settings - {"XSSAuditingEnabled":false,"javascriptCanCloseWindows":true,"javascriptCanOpenWindows":true,"javascriptEnabled":true,"loadImages":true,"localToRemoteUrlAccessEnabled":false,"userAgent":"Mozilla/5.0 (Windows NT 6.1; WOW64) AppleWebKit/538.1 (KHTML, like Gecko) PhantomJS/2.1.1 Safari/538.1","webSecurityEnabled":true}
[INFO  - 2017-11-12T05:33:23.423Z] Session [5933c260-c768-11e7-a84f-65a41fe6e38f] - page.customHeaders:  - {}
[INFO  - 2017-11-12T05:33:48.001Z] Session [5933c260-c768-11e7-a84f-65a41fe6e38f] - page.settings - {"XSSAuditingEnabled":false,"javascriptCanCloseWindows":true,"javascriptCanOpenWindows":true,"javascriptEnabled":true,"loadImages":true,"localToRemoteUrlAccessEnabled":false,"userAgent":"Mozilla/5.0 (Windows NT 6.1; WOW64) AppleWebKit/538.1 (KHTML, like Gecko) PhantomJS/2.1.1 Safari/538.1","webSecurityEnabled":true}
[INFO  - 2017-11-12T05:33:48.001Z] Session [5933c260-c768-11e7-a84f-65a41fe6e38f] - page.customHeaders:  - {}
[INFO  - 2017-11-12T05:34:05.800Z] Session [5933c260-c768-11e7-a84f-65a41fe6e38f] - page.settings - {"XSSAuditingEnabled":false,"javascriptCanCloseWindows":true,"javascriptCanOpenWindows":true,"javascriptEnabled":true,"loadImages":true,"localToRemoteUrlAccessEnabled":false,"userAgent":"Mozilla/5.0 (Windows NT 6.1; WOW64) AppleWebKit/538.1 (KHTML, like Gecko) PhantomJS/2.1.1 Safari/538.1","webSecurityEnabled":true}
[INFO  - 2017-11-12T05:34:05.800Z] Session [5933c260-c768-11e7-a84f-65a41fe6e38f] - page.customHeaders:  - {}
[INFO  - 2017-11-12T05:34:23.236Z] Session [5933c260-c768-11e7-a84f-65a41fe6e38f] - page.settings - {"XSSAuditingEnabled":false,"javascriptCanCloseWindows":true,"javascriptCanOpenWindows":true,"javascriptEnabled":true,"loadImages":true,"localToRemoteUrlAccessEnabled":false,"userAgent":"Mozilla/5.0 (Windows NT 6.1; WOW64) AppleWebKit/538.1 (KHTML, like Gecko) PhantomJS/2.1.1 Safari/538.1","webSecurityEnabled":true}
[INFO  - 2017-11-12T05:34:23.236Z] Session [5933c260-c768-11e7-a84f-65a41fe6e38f] - page.customHeaders:  - {}
[INFO  - 2017-11-12T05:34:23.952Z] SessionManagerReqHand - _cleanupWindowlessSessions - Asynchronous Sessions clean-up phase starting NOW
[INFO  - 2017-11-12T05:34:47.406Z] Session [5933c260-c768-11e7-a84f-65a41fe6e38f] - page.settings - {"XSSAuditingEnabled":false,"javascriptCanCloseWindows":true,"javascriptCanOpenWindows":true,"javascriptEnabled":true,"loadImages":true,"localToRemoteUrlAccessEnabled":false,"userAgent":"Mozilla/5.0 (Windows NT 6.1; WOW64) AppleWebKit/538.1 (KHTML, like Gecko) PhantomJS/2.1.1 Safari/538.1","webSecurityEnabled":true}
[INFO  - 2017-11-12T05:34:47.407Z] Session [5933c260-c768-11e7-a84f-65a41fe6e38f] - page.customHeaders:  - {}
[INFO  - 2017-11-12T05:35:08.118Z] Session [5933c260-c768-11e7-a84f-65a41fe6e38f] - page.settings - {"XSSAuditingEnabled":false,"javascriptCanCloseWindows":true,"javascriptCanOpenWindows":true,"javascriptEnabled":true,"loadImages":true,"localToRemoteUrlAccessEnabled":false,"userAgent":"Mozilla/5.0 (Windows NT 6.1; WOW64) AppleWebKit/538.1 (KHTML, like Gecko) PhantomJS/2.1.1 Safari/538.1","webSecurityEnabled":true}
[INFO  - 2017-11-12T05:35:08.118Z] Session [5933c260-c768-11e7-a84f-65a41fe6e38f] - page.customHeaders:  - {}
[INFO  - 2017-11-12T05:35:27.791Z] Session [5933c260-c768-11e7-a84f-65a41fe6e38f] - page.settings - {"XSSAuditingEnabled":false,"javascriptCanCloseWindows":true,"javascriptCanOpenWindows":true,"javascriptEnabled":true,"loadImages":true,"localToRemoteUrlAccessEnabled":false,"userAgent":"Mozilla/5.0 (Windows NT 6.1; WOW64) AppleWebKit/538.1 (KHTML, like Gecko) PhantomJS/2.1.1 Safari/538.1","webSecurityEnabled":true}
[INFO  - 2017-11-12T05:35:27.791Z] Session [5933c260-c768-11e7-a84f-65a41fe6e38f] - page.customHeaders:  - {}
[INFO  - 2017-11-12T05:35:51.357Z] Session [5933c260-c768-11e7-a84f-65a41fe6e38f] - page.settings - {"XSSAuditingEnabled":false,"javascriptCanCloseWindows":true,"javascriptCanOpenWindows":true,"javascriptEnabled":true,"loadImages":true,"localToRemoteUrlAccessEnabled":false,"userAgent":"Mozilla/5.0 (Windows NT 6.1; WOW64) AppleWebKit/538.1 (KHTML, like Gecko) PhantomJS/2.1.1 Safari/538.1","webSecurityEnabled":true}
[INFO  - 2017-11-12T05:35:51.357Z] Session [5933c260-c768-11e7-a84f-65a41fe6e38f] - page.customHeaders:  - {}
[INFO  - 2017-11-12T05:36:11.894Z] Session [5933c260-c768-11e7-a84f-65a41fe6e38f] - page.settings - {"XSSAuditingEnabled":false,"javascriptCanCloseWindows":true,"javascriptCanOpenWindows":true,"javascriptEnabled":true,"loadImages":true,"localToRemoteUrlAccessEnabled":false,"userAgent":"Mozilla/5.0 (Windows NT 6.1; WOW64) AppleWebKit/538.1 (KHTML, like Gecko) PhantomJS/2.1.1 Safari/538.1","webSecurityEnabled":true}
[INFO  - 2017-11-12T05:36:11.894Z] Session [5933c260-c768-11e7-a84f-65a41fe6e38f] - page.customHeaders:  - {}
[INFO  - 2017-11-12T05:36:29.626Z] Session [5933c260-c768-11e7-a84f-65a41fe6e38f] - page.settings - {"XSSAuditingEnabled":false,"javascriptCanCloseWindows":true,"javascriptCanOpenWindows":true,"javascriptEnabled":true,"loadImages":true,"localToRemoteUrlAccessEnabled":false,"userAgent":"Mozilla/5.0 (Windows NT 6.1; WOW64) AppleWebKit/538.1 (KHTML, like Gecko) PhantomJS/2.1.1 Safari/538.1","webSecurityEnabled":true}
[INFO  - 2017-11-12T05:36:29.626Z] Session [5933c260-c768-11e7-a84f-65a41fe6e38f] - page.customHeaders:  - {}
[INFO  - 2017-11-12T05:36:48.670Z] Session [5933c260-c768-11e7-a84f-65a41fe6e38f] - page.settings - {"XSSAuditingEnabled":false,"javascriptCanCloseWindows":true,"javascriptCanOpenWindows":true,"javascriptEnabled":true,"loadImages":true,"localToRemoteUrlAccessEnabled":false,"userAgent":"Mozilla/5.0 (Windows NT 6.1; WOW64) AppleWebKit/538.1 (KHTML, like Gecko) PhantomJS/2.1.1 Safari/538.1","webSecurityEnabled":true}
[INFO  - 2017-11-12T05:36:48.670Z] Session [5933c260-c768-11e7-a84f-65a41fe6e38f] - page.customHeaders:  - {}
[INFO  - 2017-11-12T05:37:10.002Z] Session [5933c260-c768-11e7-a84f-65a41fe6e38f] - page.settings - {"XSSAuditingEnabled":false,"javascriptCanCloseWindows":true,"javascriptCanOpenWindows":true,"javascriptEnabled":true,"loadImages":true,"localToRemoteUrlAccessEnabled":false,"userAgent":"Mozilla/5.0 (Windows NT 6.1; WOW64) AppleWebKit/538.1 (KHTML, like Gecko) PhantomJS/2.1.1 Safari/538.1","webSecurityEnabled":true}
[INFO  - 2017-11-12T05:37:10.002Z] Session [5933c260-c768-11e7-a84f-65a41fe6e38f] - page.customHeaders:  - {}
[INFO  - 2017-11-12T05:37:28.302Z] Session [5933c260-c768-11e7-a84f-65a41fe6e38f] - page.settings - {"XSSAuditingEnabled":false,"javascriptCanCloseWindows":true,"javascriptCanOpenWindows":true,"javascriptEnabled":true,"loadImages":true,"localToRemoteUrlAccessEnabled":false,"userAgent":"Mozilla/5.0 (Windows NT 6.1; WOW64) AppleWebKit/538.1 (KHTML, like Gecko) PhantomJS/2.1.1 Safari/538.1","webSecurityEnabled":true}
[INFO  - 2017-11-12T05:37:28.302Z] Session [5933c260-c768-11e7-a84f-65a41fe6e38f] - page.customHeaders:  - {}
[INFO  - 2017-11-12T05:37:48.643Z] Session [5933c260-c768-11e7-a84f-65a41fe6e38f] - page.settings - {"XSSAuditingEnabled":false,"javascriptCanCloseWindows":true,"javascriptCanOpenWindows":true,"javascriptEnabled":true,"loadImages":true,"localToRemoteUrlAccessEnabled":false,"userAgent":"Mozilla/5.0 (Windows NT 6.1; WOW64) AppleWebKit/538.1 (KHTML, like Gecko) PhantomJS/2.1.1 Safari/538.1","webSecurityEnabled":true}
[INFO  - 2017-11-12T05:37:48.644Z] Session [5933c260-c768-11e7-a84f-65a41fe6e38f] - page.customHeaders:  - {}
[INFO  - 2017-11-12T05:38:08.781Z] Session [5933c260-c768-11e7-a84f-65a41fe6e38f] - page.settings - {"XSSAuditingEnabled":false,"javascriptCanCloseWindows":true,"javascriptCanOpenWindows":true,"javascriptEnabled":true,"loadImages":true,"localToRemoteUrlAccessEnabled":false,"userAgent":"Mozilla/5.0 (Windows NT 6.1; WOW64) AppleWebKit/538.1 (KHTML, like Gecko) PhantomJS/2.1.1 Safari/538.1","webSecurityEnabled":true}
[INFO  - 2017-11-12T05:38:08.781Z] Session [5933c260-c768-11e7-a84f-65a41fe6e38f] - page.customHeaders:  - {}
[INFO  - 2017-11-12T05:38:27.046Z] Session [5933c260-c768-11e7-a84f-65a41fe6e38f] - page.settings - {"XSSAuditingEnabled":false,"javascriptCanCloseWindows":true,"javascriptCanOpenWindows":true,"javascriptEnabled":true,"loadImages":true,"localToRemoteUrlAccessEnabled":false,"userAgent":"Mozilla/5.0 (Windows NT 6.1; WOW64) AppleWebKit/538.1 (KHTML, like Gecko) PhantomJS/2.1.1 Safari/538.1","webSecurityEnabled":true}
[INFO  - 2017-11-12T05:38:27.046Z] Session [5933c260-c768-11e7-a84f-65a41fe6e38f] - page.customHeaders:  - {}
[INFO  - 2017-11-12T05:38:50.227Z] Session [5933c260-c768-11e7-a84f-65a41fe6e38f] - page.settings - {"XSSAuditingEnabled":false,"javascriptCanCloseWindows":true,"javascriptCanOpenWindows":true,"javascriptEnabled":true,"loadImages":true,"localToRemoteUrlAccessEnabled":false,"userAgent":"Mozilla/5.0 (Windows NT 6.1; WOW64) AppleWebKit/538.1 (KHTML, like Gecko) PhantomJS/2.1.1 Safari/538.1","webSecurityEnabled":true}
[INFO  - 2017-11-12T05:38:50.227Z] Session [5933c260-c768-11e7-a84f-65a41fe6e38f] - page.customHeaders:  - {}
[INFO  - 2017-11-12T05:39:09.393Z] Session [5933c260-c768-11e7-a84f-65a41fe6e38f] - page.settings - {"XSSAuditingEnabled":false,"javascriptCanCloseWindows":true,"javascriptCanOpenWindows":true,"javascriptEnabled":true,"loadImages":true,"localToRemoteUrlAccessEnabled":false,"userAgent":"Mozilla/5.0 (Windows NT 6.1; WOW64) AppleWebKit/538.1 (KHTML, like Gecko) PhantomJS/2.1.1 Safari/538.1","webSecurityEnabled":true}
[INFO  - 2017-11-12T05:39:09.393Z] Session [5933c260-c768-11e7-a84f-65a41fe6e38f] - page.customHeaders:  - {}
[INFO  - 2017-11-12T05:39:23.961Z] SessionManagerReqHand - _cleanupWindowlessSessions - Asynchronous Sessions clean-up phase starting NOW
[INFO  - 2017-11-12T05:39:30.890Z] Session [5933c260-c768-11e7-a84f-65a41fe6e38f] - page.settings - {"XSSAuditingEnabled":false,"javascriptCanCloseWindows":true,"javascriptCanOpenWindows":true,"javascriptEnabled":true,"loadImages":true,"localToRemoteUrlAccessEnabled":false,"userAgent":"Mozilla/5.0 (Windows NT 6.1; WOW64) AppleWebKit/538.1 (KHTML, like Gecko) PhantomJS/2.1.1 Safari/538.1","webSecurityEnabled":true}
[INFO  - 2017-11-12T05:39:30.890Z] Session [5933c260-c768-11e7-a84f-65a41fe6e38f] - page.customHeaders:  - {}
[INFO  - 2017-11-12T05:39:51.697Z] Session [5933c260-c768-11e7-a84f-65a41fe6e38f] - page.settings - {"XSSAuditingEnabled":false,"javascriptCanCloseWindows":true,"javascriptCanOpenWindows":true,"javascriptEnabled":true,"loadImages":true,"localToRemoteUrlAccessEnabled":false,"userAgent":"Mozilla/5.0 (Windows NT 6.1; WOW64) AppleWebKit/538.1 (KHTML, like Gecko) PhantomJS/2.1.1 Safari/538.1","webSecurityEnabled":true}
[INFO  - 2017-11-12T05:39:51.697Z] Session [5933c260-c768-11e7-a84f-65a41fe6e38f] - page.customHeaders:  - {}
[INFO  - 2017-11-12T05:40:13.178Z] Session [5933c260-c768-11e7-a84f-65a41fe6e38f] - page.settings - {"XSSAuditingEnabled":false,"javascriptCanCloseWindows":true,"javascriptCanOpenWindows":true,"javascriptEnabled":true,"loadImages":true,"localToRemoteUrlAccessEnabled":false,"userAgent":"Mozilla/5.0 (Windows NT 6.1; WOW64) AppleWebKit/538.1 (KHTML, like Gecko) PhantomJS/2.1.1 Safari/538.1","webSecurityEnabled":true}
[INFO  - 2017-11-12T05:40:13.178Z] Session [5933c260-c768-11e7-a84f-65a41fe6e38f] - page.customHeaders:  - {}
[INFO  - 2017-11-12T05:40:36.122Z] Session [5933c260-c768-11e7-a84f-65a41fe6e38f] - page.settings - {"XSSAuditingEnabled":false,"javascriptCanCloseWindows":true,"javascriptCanOpenWindows":true,"javascriptEnabled":true,"loadImages":true,"localToRemoteUrlAccessEnabled":false,"userAgent":"Mozilla/5.0 (Windows NT 6.1; WOW64) AppleWebKit/538.1 (KHTML, like Gecko) PhantomJS/2.1.1 Safari/538.1","webSecurityEnabled":true}
[INFO  - 2017-11-12T05:40:36.123Z] Session [5933c260-c768-11e7-a84f-65a41fe6e38f] - page.customHeaders:  - {}
[INFO  - 2017-11-12T05:40:59.641Z] Session [5933c260-c768-11e7-a84f-65a41fe6e38f] - page.settings - {"XSSAuditingEnabled":false,"javascriptCanCloseWindows":true,"javascriptCanOpenWindows":true,"javascriptEnabled":true,"loadImages":true,"localToRemoteUrlAccessEnabled":false,"userAgent":"Mozilla/5.0 (Windows NT 6.1; WOW64) AppleWebKit/538.1 (KHTML, like Gecko) PhantomJS/2.1.1 Safari/538.1","webSecurityEnabled":true}
[INFO  - 2017-11-12T05:40:59.641Z] Session [5933c260-c768-11e7-a84f-65a41fe6e38f] - page.customHeaders:  - {}
[INFO  - 2017-11-12T05:41:21.180Z] Session [5933c260-c768-11e7-a84f-65a41fe6e38f] - page.settings - {"XSSAuditingEnabled":false,"javascriptCanCloseWindows":true,"javascriptCanOpenWindows":true,"javascriptEnabled":true,"loadImages":true,"localToRemoteUrlAccessEnabled":false,"userAgent":"Mozilla/5.0 (Windows NT 6.1; WOW64) AppleWebKit/538.1 (KHTML, like Gecko) PhantomJS/2.1.1 Safari/538.1","webSecurityEnabled":true}
[INFO  - 2017-11-12T05:41:21.180Z] Session [5933c260-c768-11e7-a84f-65a41fe6e38f] - page.customHeaders:  - {}
[INFO  - 2017-11-12T05:41:40.514Z] Session [5933c260-c768-11e7-a84f-65a41fe6e38f] - page.settings - {"XSSAuditingEnabled":false,"javascriptCanCloseWindows":true,"javascriptCanOpenWindows":true,"javascriptEnabled":true,"loadImages":true,"localToRemoteUrlAccessEnabled":false,"userAgent":"Mozilla/5.0 (Windows NT 6.1; WOW64) AppleWebKit/538.1 (KHTML, like Gecko) PhantomJS/2.1.1 Safari/538.1","webSecurityEnabled":true}
[INFO  - 2017-11-12T05:41:40.514Z] Session [5933c260-c768-11e7-a84f-65a41fe6e38f] - page.customHeaders:  - {}
[INFO  - 2017-11-12T05:42:09.754Z] Session [5933c260-c768-11e7-a84f-65a41fe6e38f] - page.settings - {"XSSAuditingEnabled":false,"javascriptCanCloseWindows":true,"javascriptCanOpenWindows":true,"javascriptEnabled":true,"loadImages":true,"localToRemoteUrlAccessEnabled":false,"userAgent":"Mozilla/5.0 (Windows NT 6.1; WOW64) AppleWebKit/538.1 (KHTML, like Gecko) PhantomJS/2.1.1 Safari/538.1","webSecurityEnabled":true}
[INFO  - 2017-11-12T05:42:09.754Z] Session [5933c260-c768-11e7-a84f-65a41fe6e38f] - page.customHeaders:  - {}
[INFO  - 2017-11-12T05:42:32.290Z] Session [5933c260-c768-11e7-a84f-65a41fe6e38f] - page.settings - {"XSSAuditingEnabled":false,"javascriptCanCloseWindows":true,"javascriptCanOpenWindows":true,"javascriptEnabled":true,"loadImages":true,"localToRemoteUrlAccessEnabled":false,"userAgent":"Mozilla/5.0 (Windows NT 6.1; WOW64) AppleWebKit/538.1 (KHTML, like Gecko) PhantomJS/2.1.1 Safari/538.1","webSecurityEnabled":true}
[INFO  - 2017-11-12T05:42:32.290Z] Session [5933c260-c768-11e7-a84f-65a41fe6e38f] - page.customHeaders:  - {}
[INFO  - 2017-11-12T05:42:55.050Z] Session [5933c260-c768-11e7-a84f-65a41fe6e38f] - page.settings - {"XSSAuditingEnabled":false,"javascriptCanCloseWindows":true,"javascriptCanOpenWindows":true,"javascriptEnabled":true,"loadImages":true,"localToRemoteUrlAccessEnabled":false,"userAgent":"Mozilla/5.0 (Windows NT 6.1; WOW64) AppleWebKit/538.1 (KHTML, like Gecko) PhantomJS/2.1.1 Safari/538.1","webSecurityEnabled":true}
[INFO  - 2017-11-12T05:42:55.050Z] Session [5933c260-c768-11e7-a84f-65a41fe6e38f] - page.customHeaders:  - {}
[INFO  - 2017-11-12T05:43:14.364Z] Session [5933c260-c768-11e7-a84f-65a41fe6e38f] - page.settings - {"XSSAuditingEnabled":false,"javascriptCanCloseWindows":true,"javascriptCanOpenWindows":true,"javascriptEnabled":true,"loadImages":true,"localToRemoteUrlAccessEnabled":false,"userAgent":"Mozilla/5.0 (Windows NT 6.1; WOW64) AppleWebKit/538.1 (KHTML, like Gecko) PhantomJS/2.1.1 Safari/538.1","webSecurityEnabled":true}
[INFO  - 2017-11-12T05:43:14.364Z] Session [5933c260-c768-11e7-a84f-65a41fe6e38f] - page.customHeaders:  - {}
[INFO  - 2017-11-12T05:43:38.086Z] Session [5933c260-c768-11e7-a84f-65a41fe6e38f] - page.settings - {"XSSAuditingEnabled":false,"javascriptCanCloseWindows":true,"javascriptCanOpenWindows":true,"javascriptEnabled":true,"loadImages":true,"localToRemoteUrlAccessEnabled":false,"userAgent":"Mozilla/5.0 (Windows NT 6.1; WOW64) AppleWebKit/538.1 (KHTML, like Gecko) PhantomJS/2.1.1 Safari/538.1","webSecurityEnabled":true}
[INFO  - 2017-11-12T05:43:38.087Z] Session [5933c260-c768-11e7-a84f-65a41fe6e38f] - page.customHeaders:  - {}
[INFO  - 2017-11-12T05:44:01.877Z] Session [5933c260-c768-11e7-a84f-65a41fe6e38f] - page.settings - {"XSSAuditingEnabled":false,"javascriptCanCloseWindows":true,"javascriptCanOpenWindows":true,"javascriptEnabled":true,"loadImages":true,"localToRemoteUrlAccessEnabled":false,"userAgent":"Mozilla/5.0 (Windows NT 6.1; WOW64) AppleWebKit/538.1 (KHTML, like Gecko) PhantomJS/2.1.1 Safari/538.1","webSecurityEnabled":true}
[INFO  - 2017-11-12T05:44:01.878Z] Session [5933c260-c768-11e7-a84f-65a41fe6e38f] - page.customHeaders:  - {}
[INFO  - 2017-11-12T05:44:21.288Z] Session [5933c260-c768-11e7-a84f-65a41fe6e38f] - page.settings - {"XSSAuditingEnabled":false,"javascriptCanCloseWindows":true,"javascriptCanOpenWindows":true,"javascriptEnabled":true,"loadImages":true,"localToRemoteUrlAccessEnabled":false,"userAgent":"Mozilla/5.0 (Windows NT 6.1; WOW64) AppleWebKit/538.1 (KHTML, like Gecko) PhantomJS/2.1.1 Safari/538.1","webSecurityEnabled":true}
[INFO  - 2017-11-12T05:44:21.288Z] Session [5933c260-c768-11e7-a84f-65a41fe6e38f] - page.customHeaders:  - {}
[INFO  - 2017-11-12T05:44:23.974Z] SessionManagerReqHand - _cleanupWindowlessSessions - Asynchronous Sessions clean-up phase starting NOW
[INFO  - 2017-11-12T05:44:41.812Z] Session [5933c260-c768-11e7-a84f-65a41fe6e38f] - page.settings - {"XSSAuditingEnabled":false,"javascriptCanCloseWindows":true,"javascriptCanOpenWindows":true,"javascriptEnabled":true,"loadImages":true,"localToRemoteUrlAccessEnabled":false,"userAgent":"Mozilla/5.0 (Windows NT 6.1; WOW64) AppleWebKit/538.1 (KHTML, like Gecko) PhantomJS/2.1.1 Safari/538.1","webSecurityEnabled":true}
[INFO  - 2017-11-12T05:44:41.812Z] Session [5933c260-c768-11e7-a84f-65a41fe6e38f] - page.customHeaders:  - {}
[INFO  - 2017-11-12T05:45:08.407Z] Session [5933c260-c768-11e7-a84f-65a41fe6e38f] - page.settings - {"XSSAuditingEnabled":false,"javascriptCanCloseWindows":true,"javascriptCanOpenWindows":true,"javascriptEnabled":true,"loadImages":true,"localToRemoteUrlAccessEnabled":false,"userAgent":"Mozilla/5.0 (Windows NT 6.1; WOW64) AppleWebKit/538.1 (KHTML, like Gecko) PhantomJS/2.1.1 Safari/538.1","webSecurityEnabled":true}
[INFO  - 2017-11-12T05:45:08.407Z] Session [5933c260-c768-11e7-a84f-65a41fe6e38f] - page.customHeaders:  - {}
[INFO  - 2017-11-12T05:45:31.821Z] Session [5933c260-c768-11e7-a84f-65a41fe6e38f] - page.settings - {"XSSAuditingEnabled":false,"javascriptCanCloseWindows":true,"javascriptCanOpenWindows":true,"javascriptEnabled":true,"loadImages":true,"localToRemoteUrlAccessEnabled":false,"userAgent":"Mozilla/5.0 (Windows NT 6.1; WOW64) AppleWebKit/538.1 (KHTML, like Gecko) PhantomJS/2.1.1 Safari/538.1","webSecurityEnabled":true}
[INFO  - 2017-11-12T05:45:31.822Z] Session [5933c260-c768-11e7-a84f-65a41fe6e38f] - page.customHeaders:  - {}
[INFO  - 2017-11-12T05:45:56.165Z] Session [5933c260-c768-11e7-a84f-65a41fe6e38f] - page.settings - {"XSSAuditingEnabled":false,"javascriptCanCloseWindows":true,"javascriptCanOpenWindows":true,"javascriptEnabled":true,"loadImages":true,"localToRemoteUrlAccessEnabled":false,"userAgent":"Mozilla/5.0 (Windows NT 6.1; WOW64) AppleWebKit/538.1 (KHTML, like Gecko) PhantomJS/2.1.1 Safari/538.1","webSecurityEnabled":true}
[INFO  - 2017-11-12T05:45:56.165Z] Session [5933c260-c768-11e7-a84f-65a41fe6e38f] - page.customHeaders:  - {}
[INFO  - 2017-11-12T05:46:17.890Z] Session [5933c260-c768-11e7-a84f-65a41fe6e38f] - page.settings - {"XSSAuditingEnabled":false,"javascriptCanCloseWindows":true,"javascriptCanOpenWindows":true,"javascriptEnabled":true,"loadImages":true,"localToRemoteUrlAccessEnabled":false,"userAgent":"Mozilla/5.0 (Windows NT 6.1; WOW64) AppleWebKit/538.1 (KHTML, like Gecko) PhantomJS/2.1.1 Safari/538.1","webSecurityEnabled":true}
[INFO  - 2017-11-12T05:46:17.890Z] Session [5933c260-c768-11e7-a84f-65a41fe6e38f] - page.customHeaders:  - {}
[INFO  - 2017-11-12T05:46:53.467Z] Session [5933c260-c768-11e7-a84f-65a41fe6e38f] - page.settings - {"XSSAuditingEnabled":false,"javascriptCanCloseWindows":true,"javascriptCanOpenWindows":true,"javascriptEnabled":true,"loadImages":true,"localToRemoteUrlAccessEnabled":false,"userAgent":"Mozilla/5.0 (Windows NT 6.1; WOW64) AppleWebKit/538.1 (KHTML, like Gecko) PhantomJS/2.1.1 Safari/538.1","webSecurityEnabled":true}
[INFO  - 2017-11-12T05:46:53.467Z] Session [5933c260-c768-11e7-a84f-65a41fe6e38f] - page.customHeaders:  - {}
[INFO  - 2017-11-12T05:47:14.842Z] Session [5933c260-c768-11e7-a84f-65a41fe6e38f] - page.settings - {"XSSAuditingEnabled":false,"javascriptCanCloseWindows":true,"javascriptCanOpenWindows":true,"javascriptEnabled":true,"loadImages":true,"localToRemoteUrlAccessEnabled":false,"userAgent":"Mozilla/5.0 (Windows NT 6.1; WOW64) AppleWebKit/538.1 (KHTML, like Gecko) PhantomJS/2.1.1 Safari/538.1","webSecurityEnabled":true}
[INFO  - 2017-11-12T05:47:14.842Z] Session [5933c260-c768-11e7-a84f-65a41fe6e38f] - page.customHeaders:  - {}
[INFO  - 2017-11-12T05:47:40.097Z] Session [5933c260-c768-11e7-a84f-65a41fe6e38f] - page.settings - {"XSSAuditingEnabled":false,"javascriptCanCloseWindows":true,"javascriptCanOpenWindows":true,"javascriptEnabled":true,"loadImages":true,"localToRemoteUrlAccessEnabled":false,"userAgent":"Mozilla/5.0 (Windows NT 6.1; WOW64) AppleWebKit/538.1 (KHTML, like Gecko) PhantomJS/2.1.1 Safari/538.1","webSecurityEnabled":true}
[INFO  - 2017-11-12T05:47:40.097Z] Session [5933c260-c768-11e7-a84f-65a41fe6e38f] - page.customHeaders:  - {}
[INFO  - 2017-11-12T05:48:01.496Z] Session [5933c260-c768-11e7-a84f-65a41fe6e38f] - page.settings - {"XSSAuditingEnabled":false,"javascriptCanCloseWindows":true,"javascriptCanOpenWindows":true,"javascriptEnabled":true,"loadImages":true,"localToRemoteUrlAccessEnabled":false,"userAgent":"Mozilla/5.0 (Windows NT 6.1; WOW64) AppleWebKit/538.1 (KHTML, like Gecko) PhantomJS/2.1.1 Safari/538.1","webSecurityEnabled":true}
[INFO  - 2017-11-12T05:48:01.497Z] Session [5933c260-c768-11e7-a84f-65a41fe6e38f] - page.customHeaders:  - {}
[INFO  - 2017-11-12T05:48:24.845Z] Session [5933c260-c768-11e7-a84f-65a41fe6e38f] - page.settings - {"XSSAuditingEnabled":false,"javascriptCanCloseWindows":true,"javascriptCanOpenWindows":true,"javascriptEnabled":true,"loadImages":true,"localToRemoteUrlAccessEnabled":false,"userAgent":"Mozilla/5.0 (Windows NT 6.1; WOW64) AppleWebKit/538.1 (KHTML, like Gecko) PhantomJS/2.1.1 Safari/538.1","webSecurityEnabled":true}
[INFO  - 2017-11-12T05:48:24.845Z] Session [5933c260-c768-11e7-a84f-65a41fe6e38f] - page.customHeaders:  - {}
[INFO  - 2017-11-12T05:48:46.129Z] Session [5933c260-c768-11e7-a84f-65a41fe6e38f] - page.settings - {"XSSAuditingEnabled":false,"javascriptCanCloseWindows":true,"javascriptCanOpenWindows":true,"javascriptEnabled":true,"loadImages":true,"localToRemoteUrlAccessEnabled":false,"userAgent":"Mozilla/5.0 (Windows NT 6.1; WOW64) AppleWebKit/538.1 (KHTML, like Gecko) PhantomJS/2.1.1 Safari/538.1","webSecurityEnabled":true}
[INFO  - 2017-11-12T05:48:46.129Z] Session [5933c260-c768-11e7-a84f-65a41fe6e38f] - page.customHeaders:  - {}
